2023-04-12 22:22:32.672 [info] Reading sessions from keychain...
2023-04-12 22:22:32.672 [info] Getting sessions for all scopes...
2023-04-12 22:22:32.672 [info] Getting sessions for all scopes...
2023-04-12 22:22:32.672 [info] Got stored sessions!
2023-04-12 22:22:32.672 [info] Got 2 verified sessions.
2023-04-12 22:22:32.672 [info] Got 2 sessions for ...
2023-04-12 22:22:32.672 [info] Got 2 sessions for ...
2023-04-12 22:22:32.672 [info] Getting sessions for user:email...
2023-04-12 22:22:32.672 [info] Got 1 sessions for user:email...
2023-04-12 22:22:32.694 [info] Getting sessions for all scopes...
2023-04-12 22:22:32.695 [info] Got 2 sessions for ...
2023-04-12 22:22:32.793 [info] Getting sessions for all scopes...
2023-04-12 22:22:32.793 [info] Got 2 sessions for ...
2023-04-12 22:22:33.012 [info] Getting sessions for read:user,repo,user:email...
2023-04-12 22:22:33.013 [info] Got 0 sessions for read:user,repo,user:email...
2023-04-12 22:22:33.997 [info] Getting user info...
2023-04-12 22:22:34.317 [info] Got account info!
2023-04-12 22:22:38.315 [info] Getting sessions for read:user...
2023-04-12 22:22:38.315 [info] Got 0 sessions for read:user...
2023-04-12 22:22:38.378 [info] Getting sessions for user:email...
2023-04-12 22:22:38.378 [info] Got 1 sessions for user:email...
