2023-04-12 22:43:27.041 [warning] Via 'product.json#extensionEnabledApiProposals' extension 'ms-vscode.vscode-selfhost-test-provider' wants API proposal 'testContinuousRun' but that proposal DOES NOT EXIST. Likely, the proposal has been finalized (check 'vscode.d.ts') or was abandoned.
2023-04-12 22:43:27.052 [warning] Via 'product.json#extensionEnabledApiProposals' extension 'ms-vscode.remote-repositories' wants API proposal 'contribEditorGutterMenu' but that proposal DOES NOT EXIST. Likely, the proposal has been finalized (check 'vscode.d.ts') or was abandoned.
2023-04-12 22:43:27.052 [warning] Via 'product.json#extensionEnabledApiProposals' extension 'github.vscode-pull-request-github' wants API proposal 'contribEditorGutterMenu' but that proposal DOES NOT EXIST. Likely, the proposal has been finalized (check 'vscode.d.ts') or was abandoned.
2023-04-12 22:43:27.052 [warning] Via 'product.json#extensionEnabledApiProposals' extension 'ms-toolsai.jupyter' wants API proposal 'notebookControllerKind' but that proposal DOES NOT EXIST. Likely, the proposal has been finalized (check 'vscode.d.ts') or was abandoned.
2023-04-12 22:43:27.085 [error] Unable to figure out browser width and height: Error: Unable to figure out browser width and height
    at P (vscode-file://vscode-app/snap/code/124/usr/share/code/resources/app/out/vs/workbench/workbench.desktop.main.js:90:28909)
    at G.load (vscode-file://vscode-app/snap/code/124/usr/share/code/resources/app/out/vs/workbench/workbench.desktop.main.js:2533:56910)
    at O.nb (vscode-file://vscode-app/snap/code/124/usr/share/code/resources/app/out/vs/workbench/workbench.desktop.main.js:2533:23683)
    at O.eb (vscode-file://vscode-app/snap/code/124/usr/share/code/resources/app/out/vs/workbench/workbench.desktop.main.js:2533:19964)
    at vscode-file://vscode-app/snap/code/124/usr/share/code/resources/app/out/vs/workbench/workbench.desktop.main.js:2533:74852
    at h.invokeFunction (vscode-file://vscode-app/snap/code/124/usr/share/code/resources/app/out/vs/workbench/workbench.desktop.main.js:615:360)
    at O.startup (vscode-file://vscode-app/snap/code/124/usr/share/code/resources/app/out/vs/workbench/workbench.desktop.main.js:2533:74683)
    at ee.open (vscode-file://vscode-app/snap/code/124/usr/share/code/resources/app/out/vs/workbench/workbench.desktop.main.js:2549:66291)
    at async vscode-file://vscode-app/snap/code/124/usr/share/code/resources/app/out/vs/code/electron-sandbox/workbench/workbench.js:4:10217
2023-04-12 22:43:29.315 [error] Cannot instantiate named customer: 'MainThreadUrls'
2023-04-12 22:43:29.315 [error] TypeError: Cannot read properties of undefined (reading 'dispose')
    at get cache [as cache] (vscode-file://vscode-app/snap/code/124/usr/share/code/resources/app/out/vs/workbench/workbench.desktop.main.js:1690:1262)
    at new O (vscode-file://vscode-app/snap/code/124/usr/share/code/resources/app/out/vs/workbench/workbench.desktop.main.js:1682:15463)
    at h.j (vscode-file://vscode-app/snap/code/124/usr/share/code/resources/app/out/vs/workbench/workbench.desktop.main.js:615:1296)
    at h.t (vscode-file://vscode-app/snap/code/124/usr/share/code/resources/app/out/vs/workbench/workbench.desktop.main.js:615:3600)
    at h.s (vscode-file://vscode-app/snap/code/124/usr/share/code/resources/app/out/vs/workbench/workbench.desktop.main.js:615:2778)
    at h.r (vscode-file://vscode-app/snap/code/124/usr/share/code/resources/app/out/vs/workbench/workbench.desktop.main.js:615:2569)
    at h.q (vscode-file://vscode-app/snap/code/124/usr/share/code/resources/app/out/vs/workbench/workbench.desktop.main.js:615:1861)
    at h.m (vscode-file://vscode-app/snap/code/124/usr/share/code/resources/app/out/vs/workbench/workbench.desktop.main.js:615:1688)
    at h.j (vscode-file://vscode-app/snap/code/124/usr/share/code/resources/app/out/vs/workbench/workbench.desktop.main.js:615:928)
    at h.createInstance (vscode-file://vscode-app/snap/code/124/usr/share/code/resources/app/out/vs/workbench/workbench.desktop.main.js:615:788)
    at zr.C (vscode-file://vscode-app/snap/code/124/usr/share/code/resources/app/out/vs/workbench/workbench.desktop.main.js:1593:25757)
    at vscode-file://vscode-app/snap/code/124/usr/share/code/resources/app/out/vs/workbench/workbench.desktop.main.js:1593:23705
2023-04-12 22:43:29.316 [error] Cannot read properties of undefined (reading 'dispose'): TypeError: Cannot read properties of undefined (reading 'dispose')
    at get cache [as cache] (vscode-file://vscode-app/snap/code/124/usr/share/code/resources/app/out/vs/workbench/workbench.desktop.main.js:1690:1262)
    at new O (vscode-file://vscode-app/snap/code/124/usr/share/code/resources/app/out/vs/workbench/workbench.desktop.main.js:1682:15463)
    at h.j (vscode-file://vscode-app/snap/code/124/usr/share/code/resources/app/out/vs/workbench/workbench.desktop.main.js:615:1296)
    at h.t (vscode-file://vscode-app/snap/code/124/usr/share/code/resources/app/out/vs/workbench/workbench.desktop.main.js:615:3600)
    at h.s (vscode-file://vscode-app/snap/code/124/usr/share/code/resources/app/out/vs/workbench/workbench.desktop.main.js:615:2778)
    at h.r (vscode-file://vscode-app/snap/code/124/usr/share/code/resources/app/out/vs/workbench/workbench.desktop.main.js:615:2569)
    at h.q (vscode-file://vscode-app/snap/code/124/usr/share/code/resources/app/out/vs/workbench/workbench.desktop.main.js:615:1861)
    at h.m (vscode-file://vscode-app/snap/code/124/usr/share/code/resources/app/out/vs/workbench/workbench.desktop.main.js:615:1688)
    at h.j (vscode-file://vscode-app/snap/code/124/usr/share/code/resources/app/out/vs/workbench/workbench.desktop.main.js:615:928)
    at h.createInstance (vscode-file://vscode-app/snap/code/124/usr/share/code/resources/app/out/vs/workbench/workbench.desktop.main.js:615:788)
    at zr.C (vscode-file://vscode-app/snap/code/124/usr/share/code/resources/app/out/vs/workbench/workbench.desktop.main.js:1593:25757)
    at vscode-file://vscode-app/snap/code/124/usr/share/code/resources/app/out/vs/workbench/workbench.desktop.main.js:1593:23705
2023-04-12 22:43:29.337 [error] Missing proxy instance MainThreadUrls: Error: Missing proxy instance MainThreadUrls
    at b.assertRegistered (vscode-file://vscode-app/snap/code/124/usr/share/code/resources/app/out/vs/workbench/workbench.desktop.main.js:1593:12743)
    at zr.C (vscode-file://vscode-app/snap/code/124/usr/share/code/resources/app/out/vs/workbench/workbench.desktop.main.js:1593:26156)
    at vscode-file://vscode-app/snap/code/124/usr/share/code/resources/app/out/vs/workbench/workbench.desktop.main.js:1593:23705
