2023-04-12 22:22:07.648 [info] [SharedProcess] using utility process
2023-04-12 22:22:07.648 [warning] app#startup(): Error writing main lockfile: Error: EACCES: permission denied, open '/var/www/html/~/.vscode-root/code.lock'
2023-04-12 22:22:07.653 [info] update#setState idle
2023-04-12 22:22:07.966 [error] [storage state.vscdb] exec(): Error: SQLITE_READONLY: attempt to write a readonly database
2023-04-12 22:22:07.971 [error] [storage state.vscdb] open(): Unable to open DB due to Error: SQLITE_READONLY: attempt to write a readonly database
2023-04-12 22:22:07.975 [error] [storage state.vscdb] open(): Unable to use backup due to Error: EACCES: permission denied, unlink '/var/www/html/~/.vscode-root/User/workspaceStorage/93b6500805e60b04343e09e1c37ab7f2/state.vscdb'
2023-04-12 22:22:11.653 [info] [UtilityProcess type: shared-process, pid: <none>]: creating new...
2023-04-12 22:22:11.665 [info] [UtilityProcess type: shared-process, pid: 252206]: successfully created
2023-04-12 22:22:11.666 [error] [storage state.vscdb] exec(): Error: SQLITE_READONLY: attempt to write a readonly database
2023-04-12 22:22:11.666 [error] [storage state.vscdb] open(): Unable to open DB due to Error: SQLITE_READONLY: attempt to write a readonly database
2023-04-12 22:22:11.666 [error] [storage state.vscdb] open(): Unable to use backup due to Error: EACCES: permission denied, unlink '/var/www/html/~/.vscode-root/User/workspaceStorage/1681348913139/state.vscdb'
2023-04-12 22:22:11.901 [info] [UtilityProcess id: 2, type: fileWatcher, pid: <none>]: creating new...
2023-04-12 22:22:11.907 [info] [UtilityProcess id: 2, type: fileWatcher, pid: 252223]: successfully created
2023-04-12 22:22:11.964 [info] [UtilityProcess id: 1, type: fileWatcher, pid: <none>]: creating new...
2023-04-12 22:22:12.015 [info] [UtilityProcess id: 1, type: fileWatcher, pid: 252242]: successfully created
2023-04-12 22:22:12.032 [info] [UtilityProcess id: 1, type: extensionHost, pid: <none>]: creating new...
2023-04-12 22:22:12.050 [info] [UtilityProcess id: 1, type: extensionHost, pid: 252245]: successfully created
2023-04-12 22:22:12.095 [info] [UtilityProcess id: 2, type: extensionHost, pid: <none>]: creating new...
2023-04-12 22:22:12.105 [info] [UtilityProcess id: 2, type: extensionHost, pid: 252256]: successfully created
2023-04-12 22:22:20.376 [info] [UtilityProcess id: 1, type: extensionHost, pid: 252245]: enabling inspect port
2023-04-12 22:22:31.925 [info] [UtilityProcess id: 2, type: extensionHost, pid: 252256]: enabling inspect port
2023-04-12 22:22:32.123 [info] [UtilityProcess id: 2, type: fileWatcher, pid: 252223]: attempting to kill the process...
2023-04-12 22:22:32.125 [info] [UtilityProcess id: 2, type: fileWatcher, pid: 252223]: successfully killed the process
2023-04-12 22:22:32.131 [info] [UtilityProcess id: 2, type: fileWatcher, pid: 252223]: received exit event with code 0
2023-04-12 22:22:32.176 [info] [UtilityProcess id: 1, type: extensionHost, pid: 252245]: received exit event with code 0
2023-04-12 22:22:32.176 [info] Extension host with pid 252245 exited with code: 0, signal: unknown.
2023-04-12 22:22:37.654 [info] update#setState checking for updates
2023-04-12 22:22:37.655 [info] update#setState idle
2023-04-12 22:22:47.750 [info] [UtilityProcess id: 2, type: extensionHost, pid: 252256]: waiting to exit...
2023-04-12 22:22:47.750 [info] [UtilityProcess id: 1, type: fileWatcher, pid: 252242]: attempting to kill the process...
2023-04-12 22:22:47.754 [info] [UtilityProcess id: 1, type: fileWatcher, pid: 252242]: successfully killed the process
2023-04-12 22:22:47.764 [info] [UtilityProcess id: 1, type: fileWatcher, pid: 252242]: received exit event with code 0
2023-04-12 22:22:47.798 [info] [UtilityProcess id: 2, type: extensionHost, pid: 252256]: received exit event with code 0
2023-04-12 22:22:47.799 [info] Extension host with pid 252256 exited with code: 0, signal: unknown.
2023-04-12 22:22:47.799 [error] Error: EACCES: permission denied, unlink '/var/www/html/~/.vscode-root/User/workspaceStorage/1681348913139/state.vscdb'
