2023-04-12 22:19:11.668 [info] [SharedProcess] using utility process
2023-04-12 22:19:11.671 [info] update#setState idle
2023-04-12 22:19:12.480 [info] [UtilityProcess type: shared-process, pid: <none>]: creating new...
2023-04-12 22:19:12.487 [info] [UtilityProcess id: 1, type: fileWatcher, pid: <none>]: creating new...
2023-04-12 22:19:12.494 [info] [UtilityProcess type: shared-process, pid: 250912]: successfully created
2023-04-12 22:19:12.497 [info] [UtilityProcess id: 1, type: fileWatcher, pid: 250913]: successfully created
2023-04-12 22:19:12.620 [info] [UtilityProcess id: 1, type: extensionHost, pid: <none>]: creating new...
2023-04-12 22:19:12.627 [info] [UtilityProcess id: 1, type: extensionHost, pid: 250939]: successfully created
2023-04-12 22:19:39.390 [info] [UtilityProcess id: 2, type: fileWatcher, pid: <none>]: creating new...
2023-04-12 22:19:39.395 [info] [UtilityProcess id: 2, type: fileWatcher, pid: 251177]: successfully created
2023-04-12 22:19:39.455 [info] [UtilityProcess id: 2, type: extensionHost, pid: <none>]: creating new...
2023-04-12 22:19:39.464 [info] [UtilityProcess id: 2, type: extensionHost, pid: 251187]: successfully created
2023-04-12 22:19:41.673 [info] update#setState checking for updates
2023-04-12 22:19:41.675 [info] update#setState idle
2023-04-12 22:19:43.625 [info] [UtilityProcess id: 1, type: extensionHost, pid: 250939]: received exit event with code 0
2023-04-12 22:19:43.625 [info] Extension host with pid 250939 exited with code: 0, signal: unknown.
2023-04-12 22:19:43.640 [info] [UtilityProcess id: 1, type: fileWatcher, pid: 250913]: attempting to kill the process...
2023-04-12 22:19:43.640 [info] [UtilityProcess id: 1, type: fileWatcher, pid: 250913]: successfully killed the process
2023-04-12 22:19:43.649 [info] [UtilityProcess id: 1, type: fileWatcher, pid: 250913]: received exit event with code 0
2023-04-12 22:20:03.439 [info] [UtilityProcess id: 3, type: fileWatcher, pid: <none>]: creating new...
2023-04-12 22:20:03.444 [info] [UtilityProcess id: 3, type: fileWatcher, pid: 251367]: successfully created
2023-04-12 22:20:03.503 [info] [UtilityProcess id: 3, type: extensionHost, pid: <none>]: creating new...
2023-04-12 22:20:03.510 [info] [UtilityProcess id: 3, type: extensionHost, pid: 251377]: successfully created
2023-04-12 22:20:05.717 [info] [UtilityProcess id: 2, type: fileWatcher, pid: 251177]: attempting to kill the process...
2023-04-12 22:20:05.718 [info] [UtilityProcess id: 2, type: fileWatcher, pid: 251177]: successfully killed the process
2023-04-12 22:20:05.722 [info] [UtilityProcess id: 2, type: extensionHost, pid: 251187]: received exit event with code 0
2023-04-12 22:20:05.722 [info] Extension host with pid 251187 exited with code: 0, signal: unknown.
2023-04-12 22:20:05.723 [info] [UtilityProcess id: 2, type: fileWatcher, pid: 251177]: received exit event with code 15
2023-04-12 22:20:05.724 [error] [UtilityProcessWorker]: terminated unexpectedly with code 15, signal: unknown
2023-04-12 22:20:05.724 [error] [UtilityProcess id: 2, type: fileWatcher, pid: 251177]: crashed with code 15 and reason 'killed'
2023-04-12 22:20:15.962 [info] [UtilityProcess id: 4, type: fileWatcher, pid: <none>]: creating new...
2023-04-12 22:20:15.967 [info] [UtilityProcess id: 4, type: fileWatcher, pid: 251554]: successfully created
2023-04-12 22:20:16.086 [info] [UtilityProcess id: 4, type: extensionHost, pid: <none>]: creating new...
2023-04-12 22:20:16.094 [info] [UtilityProcess id: 4, type: extensionHost, pid: 251569]: successfully created
2023-04-12 22:21:10.652 [info] [UtilityProcess id: 4, type: fileWatcher, pid: 251554]: attempting to kill the process...
2023-04-12 22:21:10.653 [info] [UtilityProcess id: 4, type: fileWatcher, pid: 251554]: successfully killed the process
2023-04-12 22:21:10.655 [info] [UtilityProcess id: 4, type: extensionHost, pid: 251569]: received exit event with code 0
2023-04-12 22:21:10.655 [info] Extension host with pid 251569 exited with code: 0, signal: unknown.
2023-04-12 22:21:10.675 [info] [UtilityProcess id: 4, type: fileWatcher, pid: 251554]: received exit event with code 15
2023-04-12 22:21:10.675 [error] [UtilityProcessWorker]: terminated unexpectedly with code 15, signal: unknown
2023-04-12 22:21:10.675 [error] [UtilityProcess id: 4, type: fileWatcher, pid: 251554]: crashed with code 15 and reason 'killed'
2023-04-12 22:21:15.183 [info] [UtilityProcess id: 3, type: extensionHost, pid: 251377]: waiting to exit...
2023-04-12 22:21:15.184 [info] [UtilityProcess id: 3, type: fileWatcher, pid: 251367]: attempting to kill the process...
2023-04-12 22:21:15.184 [info] [UtilityProcess id: 3, type: fileWatcher, pid: 251367]: successfully killed the process
2023-04-12 22:21:15.186 [info] [UtilityProcess id: 3, type: extensionHost, pid: 251377]: received exit event with code 0
2023-04-12 22:21:15.186 [info] Extension host with pid 251377 exited with code: 0, signal: unknown.
2023-04-12 22:21:15.193 [info] [UtilityProcess id: 3, type: fileWatcher, pid: 251367]: received exit event with code 15
2023-04-12 22:21:15.193 [error] [UtilityProcessWorker]: terminated unexpectedly with code 15, signal: unknown
2023-04-12 22:21:15.193 [error] [UtilityProcess id: 3, type: fileWatcher, pid: 251367]: crashed with code 15 and reason 'killed'
