2023-04-08 15:15:49.523 [info] Reading sessions from keychain...
2023-04-08 15:15:49.523 [info] Getting sessions for all scopes...
2023-04-08 15:15:49.523 [info] Getting sessions for user:email...
2023-04-08 15:15:49.523 [info] Getting sessions for all scopes...
2023-04-08 15:15:49.523 [info] Got stored sessions!
2023-04-08 15:15:49.523 [info] Got 2 verified sessions.
2023-04-08 15:15:49.523 [info] Got 2 sessions for ...
2023-04-08 15:15:49.523 [info] Got 1 sessions for user:email...
2023-04-08 15:15:49.523 [info] Got 2 sessions for ...
2023-04-08 15:15:52.630 [info] Getting sessions for read:user...
2023-04-08 15:15:52.630 [info] Got 0 sessions for read:user...
2023-04-08 15:15:52.873 [info] Getting sessions for all scopes...
2023-04-08 15:15:52.873 [info] Got 2 sessions for ...
2023-04-08 15:15:52.979 [info] Getting sessions for all scopes...
2023-04-08 15:15:52.979 [info] Got 2 sessions for ...
2023-04-08 15:15:53.248 [info] Getting sessions for user:email...
2023-04-08 15:15:53.248 [info] Got 1 sessions for user:email...
2023-04-08 15:15:53.549 [info] Getting sessions for read:user,repo,user:email...
2023-04-08 15:15:53.549 [info] Got 0 sessions for read:user,repo,user:email...
2023-04-08 15:15:53.635 [info] Getting user info...
2023-04-08 15:15:54.131 [info] Got account info!
