2023-04-12 22:22:11.949 [info] Added views:workbench.panel.markers.view in workbench.panel.markers
2023-04-12 22:22:11.949 [info] Added views:workbench.panel.output in workbench.panel.output
2023-04-12 22:22:11.949 [info] Added views:terminal in terminal
2023-04-12 22:22:11.950 [info] Added views:outline in workbench.view.explorer
2023-04-12 22:22:11.950 [info] Added views:workbench.scm in workbench.view.scm
2023-04-12 22:22:11.950 [info] Added views:workbench.view.search in workbench.view.search
2023-04-12 22:22:11.950 [info] Added views:timeline in workbench.view.explorer
2023-04-12 22:22:11.950 [info] Added views:workbench.explorer.emptyView in workbench.view.explorer
2023-04-12 22:22:12.121 [info] Added views:workbench.debug.variablesView,workbench.debug.watchExpressionsView,workbench.debug.callStackView,workbench.debug.breakPointsView in workbench.view.debug
2023-04-12 22:22:13.014 [info] Added views:projectsExplorerFavorites,projectManagerHelpAndFeedback in workbench.view.extension.project-manager
2023-04-12 22:22:13.016 [info] Added views:gitlens.views.home,gitlens.views.contributors in workbench.view.extension.gitlens
2023-04-12 22:22:13.018 [info] Added views:gitlens.views.commits,gitlens.views.commitDetails,gitlens.views.fileHistory,gitlens.views.branches,gitlens.views.remotes,gitlens.views.stashes,gitlens.views.tags,gitlens.views.searchAndCompare in workbench.view.scm
2023-04-12 22:22:13.021 [info] Added views:dockerContainers,dockerImages,dockerRegistries,dockerNetworks,dockerVolumes,vscode-docker.views.dockerContexts,vscode-docker.views.help in workbench.view.extension.dockerView
2023-04-12 22:22:13.022 [info] Added views:targetsContainers,devVolumes in workbench.view.remote
2023-04-12 22:22:13.402 [info] Added views:workbench.panel.repl.view in workbench.panel.repl
2023-04-12 22:22:13.404 [info] Removed views:workbench.debug.breakPointsView,workbench.debug.callStackView,workbench.debug.watchExpressionsView,workbench.debug.variablesView from workbench.view.debug
2023-04-12 22:22:13.405 [info] Added views:workbench.debug.welcome in workbench.view.debug
2023-04-12 22:22:14.013 [info] Added views:test-explorer in workbench.view.extension.test
2023-04-12 22:22:18.492 [info] Added views:projectsExplorerGit in workbench.view.extension.project-manager
2023-04-12 22:22:18.524 [info] Removed views:gitlens.views.contributors from workbench.view.extension.gitlens
2023-04-12 22:22:18.525 [info] Removed views:gitlens.views.searchAndCompare,gitlens.views.tags,gitlens.views.stashes,gitlens.views.remotes,gitlens.views.branches,gitlens.views.fileHistory,gitlens.views.commitDetails,gitlens.views.commits from workbench.view.scm
