2023-04-08 15:15:52.617 [info] Log level: Info
2023-04-08 15:15:52.617 [info] Validating found git in: "git"
2023-04-08 15:15:52.617 [info] Using git "2.34.1" from "git"
2023-04-08 15:15:52.628 [info] > git rev-parse --show-toplevel [369ms]
2023-04-08 15:15:53.003 [info] > git rev-parse --git-dir --git-common-dir [115ms]
2023-04-08 15:15:53.014 [info] Open repository: /var/www/html
2023-04-08 15:15:53.184 [info] > git rev-parse --show-toplevel [157ms]
2023-04-08 15:15:53.237 [info] > git rev-parse --show-toplevel [38ms]
2023-04-08 15:15:53.247 [info] > git config --get commit.template [90ms]
2023-04-08 15:15:53.253 [info] > git rev-parse --show-toplevel [7ms]
2023-04-08 15:15:53.306 [info] > git rev-parse --show-toplevel [45ms]
2023-04-08 15:15:53.351 [info] > git rev-parse --show-toplevel [36ms]
2023-04-08 15:15:53.361 [info] > git for-each-ref --format=%(refname)%00%(upstream:short)%00%(objectname)%00%(upstream:track)%00%(upstream:remotename)%00%(upstream:remoteref) refs/heads/main refs/remotes/main [80ms]
2023-04-08 15:15:53.419 [info] > git status -z -uall [47ms]
2023-04-08 15:15:53.419 [info] > git rev-parse --show-toplevel [60ms]
2023-04-08 15:15:53.440 [info] > git rev-parse --show-toplevel [9ms]
2023-04-08 15:15:53.513 [info] > git rev-parse --show-toplevel [59ms]
2023-04-08 15:15:53.537 [info] > git rev-parse --show-toplevel [8ms]
2023-04-08 15:15:53.548 [info] > git config --get commit.template [38ms]
2023-04-08 15:15:53.561 [info] > git rev-parse --show-toplevel [13ms]
2023-04-08 15:15:53.614 [info] > git rev-parse --show-toplevel [40ms]
2023-04-08 15:15:53.637 [info] > git rev-parse --show-toplevel [10ms]
2023-04-08 15:15:53.655 [info] > git for-each-ref --format=%(refname)%00%(upstream:short)%00%(objectname)%00%(upstream:track)%00%(upstream:remotename)%00%(upstream:remoteref) refs/heads/main refs/remotes/main [44ms]
2023-04-08 15:15:53.685 [info] > git rev-parse --show-toplevel [32ms]
2023-04-08 15:15:53.759 [info] > git status -z -uall [82ms]
2023-04-08 15:15:53.774 [info] > git check-ignore -v -z --stdin [39ms]
2023-04-08 15:15:53.775 [info] > git rev-parse --show-toplevel [75ms]
2023-04-08 15:15:53.801 [info] > git rev-parse --show-toplevel [13ms]
2023-04-08 15:15:53.814 [info] > git rev-parse --show-toplevel [4ms]
2023-04-08 15:15:53.855 [info] > git rev-parse --show-toplevel [19ms]
2023-04-08 15:15:53.872 [info] > git rev-parse --show-toplevel [4ms]
2023-04-08 15:15:53.891 [info] > git rev-parse --show-toplevel [5ms]
2023-04-08 15:15:53.926 [info] > git rev-parse --show-toplevel [22ms]
2023-04-08 15:15:53.989 [info] > git rev-parse --show-toplevel [48ms]
2023-04-08 15:15:54.012 [info] > git rev-parse --show-toplevel [1ms]
2023-04-08 15:15:54.067 [info] > git rev-parse --show-toplevel [39ms]
2023-04-08 15:15:54.100 [info] > git rev-parse --show-toplevel [17ms]
2023-04-08 15:15:54.119 [info] > git rev-parse --show-toplevel [10ms]
2023-04-08 15:15:54.147 [info] > git rev-parse --show-toplevel [18ms]
2023-04-08 15:15:54.171 [info] > git rev-parse --show-toplevel [14ms]
2023-04-08 15:15:54.186 [info] > git rev-parse --show-toplevel [1ms]
2023-04-08 15:15:54.230 [info] > git rev-parse --show-toplevel [14ms]
2023-04-08 15:15:54.252 [info] > git rev-parse --show-toplevel [6ms]
2023-04-08 15:15:54.268 [info] > git rev-parse --show-toplevel [2ms]
2023-04-08 15:15:54.279 [info] > git rev-parse --show-toplevel [2ms]
2023-04-08 15:15:54.290 [info] > git rev-parse --show-toplevel [1ms]
2023-04-08 15:15:54.301 [info] > git rev-parse --show-toplevel [2ms]
2023-04-08 15:15:54.329 [info] > git rev-parse --show-toplevel [19ms]
2023-04-08 15:15:54.341 [info] > git rev-parse --show-toplevel [1ms]
2023-04-08 15:15:54.352 [info] > git rev-parse --show-toplevel [1ms]
2023-04-08 15:15:54.361 [info] > git rev-parse --show-toplevel [1ms]
2023-04-08 15:15:54.372 [info] > git rev-parse --show-toplevel [2ms]
2023-04-08 15:15:54.382 [info] > git rev-parse --show-toplevel [1ms]
2023-04-08 15:15:54.392 [info] > git rev-parse --show-toplevel [1ms]
2023-04-08 15:15:54.403 [info] > git rev-parse --show-toplevel [2ms]
2023-04-08 15:15:54.413 [info] > git rev-parse --show-toplevel [1ms]
2023-04-08 15:15:54.423 [info] > git rev-parse --show-toplevel [1ms]
2023-04-08 15:15:54.433 [info] > git rev-parse --show-toplevel [1ms]
2023-04-08 15:16:07.246 [info] > git config --get commit.template [13ms]
2023-04-08 15:16:07.247 [info] > git for-each-ref --format=%(refname)%00%(upstream:short)%00%(objectname)%00%(upstream:track)%00%(upstream:remotename)%00%(upstream:remoteref) refs/heads/main refs/remotes/main [2ms]
2023-04-08 15:16:07.274 [info] > git status -z -uall [15ms]
2023-04-08 15:16:08.091 [info] > git check-ignore -v -z --stdin [2ms]
2023-04-08 15:16:12.191 [info] > git check-ignore -v -z --stdin [3ms]
2023-04-08 15:16:13.080 [info] > git config --get commit.template [13ms]
2023-04-08 15:16:13.081 [info] > git for-each-ref --format=%(refname)%00%(upstream:short)%00%(objectname)%00%(upstream:track)%00%(upstream:remotename)%00%(upstream:remoteref) refs/heads/main refs/remotes/main [2ms]
2023-04-08 15:16:13.108 [info] > git status -z -uall [17ms]
2023-04-08 15:16:18.135 [info] > git config --get commit.template [2ms]
2023-04-08 15:16:18.147 [info] > git for-each-ref --format=%(refname)%00%(upstream:short)%00%(objectname)%00%(upstream:track)%00%(upstream:remotename)%00%(upstream:remoteref) refs/heads/main refs/remotes/main [2ms]
2023-04-08 15:16:18.172 [info] > git status -z -uall [16ms]
2023-04-08 15:16:21.249 [info] > git check-ignore -v -z --stdin [7ms]
2023-04-08 15:16:22.698 [info] > git show --textconv :contato-med.php [18ms]
2023-04-08 15:16:22.703 [info] > git ls-files --stage -- /var/www/html/contato-med.php [8ms]
2023-04-08 15:16:22.717 [info] > git cat-file -s 51b99d41da2c760dca7c19dcb7afd97f83e879d9 [1ms]
2023-04-08 15:16:23.234 [info] > git config --get commit.template [20ms]
2023-04-08 15:16:23.254 [info] > git for-each-ref --format=%(refname)%00%(upstream:short)%00%(objectname)%00%(upstream:track)%00%(upstream:remotename)%00%(upstream:remoteref) refs/heads/main refs/remotes/main [3ms]
2023-04-08 15:16:23.287 [info] > git status -z -uall [22ms]
2023-04-08 15:16:28.319 [info] > git config --get commit.template [13ms]
2023-04-08 15:16:28.321 [info] > git for-each-ref --format=%(refname)%00%(upstream:short)%00%(objectname)%00%(upstream:track)%00%(upstream:remotename)%00%(upstream:remoteref) refs/heads/main refs/remotes/main [3ms]
2023-04-08 15:16:28.353 [info] > git status -z -uall [21ms]
2023-04-08 15:16:29.556 [info] > git check-ignore -v -z --stdin [3ms]
2023-04-08 15:16:32.106 [info] > git show --textconv :area-hospital/assets/css/app-dark-rtl.css [22ms]
2023-04-08 15:16:32.107 [info] > git ls-files --stage -- /var/www/html/area-hospital/assets/css/app-dark-rtl.css [5ms]
2023-04-08 15:16:32.135 [info] > git cat-file -s cde5154db2a158c4234e7bdbcb3a4c140fbf0557 [2ms]
2023-04-08 15:16:32.180 [info] > git check-ignore -v -z --stdin [3ms]
2023-04-08 15:16:33.384 [info] > git config --get commit.template [13ms]
2023-04-08 15:16:33.385 [info] > git for-each-ref --format=%(refname)%00%(upstream:short)%00%(objectname)%00%(upstream:track)%00%(upstream:remotename)%00%(upstream:remoteref) refs/heads/main refs/remotes/main [2ms]
2023-04-08 15:16:33.422 [info] > git status -z -uall [25ms]
2023-04-08 15:16:38.463 [info] > git config --get commit.template [14ms]
2023-04-08 15:16:38.464 [info] > git for-each-ref --format=%(refname)%00%(upstream:short)%00%(objectname)%00%(upstream:track)%00%(upstream:remotename)%00%(upstream:remoteref) refs/heads/main refs/remotes/main [2ms]
2023-04-08 15:16:38.492 [info] > git status -z -uall [16ms]
2023-04-08 15:16:43.525 [info] > git config --get commit.template [3ms]
2023-04-08 15:16:43.542 [info] > git for-each-ref --format=%(refname)%00%(upstream:short)%00%(objectname)%00%(upstream:track)%00%(upstream:remotename)%00%(upstream:remoteref) refs/heads/main refs/remotes/main [2ms]
2023-04-08 15:16:43.572 [info] > git status -z -uall [18ms]
