2023-04-12 22:21:34.799 [info] [SharedProcess] using utility process
2023-04-12 22:21:34.804 [info] update#setState idle
2023-04-12 22:21:35.639 [info] [UtilityProcess type: shared-process, pid: <none>]: creating new...
2023-04-12 22:21:35.647 [info] [UtilityProcess id: 1, type: fileWatcher, pid: <none>]: creating new...
2023-04-12 22:21:35.654 [info] [UtilityProcess type: shared-process, pid: 251797]: successfully created
2023-04-12 22:21:35.655 [info] [UtilityProcess id: 1, type: fileWatcher, pid: 251798]: successfully created
2023-04-12 22:21:35.802 [info] [UtilityProcess id: 1, type: extensionHost, pid: <none>]: creating new...
2023-04-12 22:21:35.833 [info] [UtilityProcess id: 1, type: extensionHost, pid: 251828]: successfully created
2023-04-12 22:21:53.273 [info] [UtilityProcess id: 2, type: fileWatcher, pid: <none>]: creating new...
2023-04-12 22:21:53.277 [info] [UtilityProcess id: 2, type: fileWatcher, pid: 252015]: successfully created
2023-04-12 22:21:53.345 [info] [UtilityProcess id: 2, type: extensionHost, pid: <none>]: creating new...
2023-04-12 22:21:53.353 [info] [UtilityProcess id: 2, type: extensionHost, pid: 252025]: successfully created
2023-04-12 22:22:04.806 [info] update#setState checking for updates
2023-04-12 22:22:04.808 [info] update#setState idle
2023-04-12 22:23:04.577 [info] [UtilityProcess id: 1, type: fileWatcher, pid: 251798]: attempting to kill the process...
2023-04-12 22:23:04.611 [info] [UtilityProcess id: 1, type: fileWatcher, pid: 251798]: successfully killed the process
2023-04-12 22:23:04.612 [info] [UtilityProcess id: 1, type: extensionHost, pid: 251828]: received exit event with code 0
2023-04-12 22:23:04.613 [info] Extension host with pid 251828 exited with code: 0, signal: unknown.
2023-04-12 22:23:04.617 [info] [UtilityProcess id: 1, type: fileWatcher, pid: 251798]: received exit event with code 15
2023-04-12 22:23:04.617 [error] [UtilityProcessWorker]: terminated unexpectedly with code 15, signal: unknown
2023-04-12 22:23:04.617 [error] [UtilityProcess id: 1, type: fileWatcher, pid: 251798]: crashed with code 15 and reason 'killed'
2023-04-12 22:58:38.420 [info] [UtilityProcess type: shared-process, pid: 251797]: received exit event with code 0
