2023-04-12 22:19:39.226 [warning] Via 'product.json#extensionEnabledApiProposals' extension 'ms-vscode.vscode-selfhost-test-provider' wants API proposal 'testContinuousRun' but that proposal DOES NOT EXIST. Likely, the proposal has been finalized (check 'vscode.d.ts') or was abandoned.
2023-04-12 22:19:39.237 [warning] Via 'product.json#extensionEnabledApiProposals' extension 'ms-vscode.remote-repositories' wants API proposal 'contribEditorGutterMenu' but that proposal DOES NOT EXIST. Likely, the proposal has been finalized (check 'vscode.d.ts') or was abandoned.
2023-04-12 22:19:39.237 [warning] Via 'product.json#extensionEnabledApiProposals' extension 'github.vscode-pull-request-github' wants API proposal 'contribEditorGutterMenu' but that proposal DOES NOT EXIST. Likely, the proposal has been finalized (check 'vscode.d.ts') or was abandoned.
2023-04-12 22:19:39.237 [warning] Via 'product.json#extensionEnabledApiProposals' extension 'ms-toolsai.jupyter' wants API proposal 'notebookControllerKind' but that proposal DOES NOT EXIST. Likely, the proposal has been finalized (check 'vscode.d.ts') or was abandoned.
2023-04-12 22:19:40.286 [error] Could not find category with ID: Intermediate: Error: Could not find category with ID: Intermediate
    at vscode-file://vscode-app/snap/code/124/usr/share/code/resources/app/out/vs/workbench/workbench.desktop.main.js:2548:53844
    at g.invoke (vscode-file://vscode-app/snap/code/124/usr/share/code/resources/app/out/vs/workbench/workbench.desktop.main.js:86:145)
    at o.deliver (vscode-file://vscode-app/snap/code/124/usr/share/code/resources/app/out/vs/workbench/workbench.desktop.main.js:86:2121)
    at l.fire (vscode-file://vscode-app/snap/code/124/usr/share/code/resources/app/out/vs/workbench/workbench.desktop.main.js:86:1729)
    at B.progressStep (vscode-file://vscode-app/snap/code/124/usr/share/code/resources/app/out/vs/workbench/workbench.desktop.main.js:1896:27216)
    at vscode-file://vscode-app/snap/code/124/usr/share/code/resources/app/out/vs/workbench/workbench.desktop.main.js:1896:27411
    at Set.forEach (<anonymous>)
    at B.progressByEvent (vscode-file://vscode-app/snap/code/124/usr/share/code/resources/app/out/vs/workbench/workbench.desktop.main.js:1896:27395)
    at vscode-file://vscode-app/snap/code/124/usr/share/code/resources/app/out/vs/workbench/workbench.desktop.main.js:1896:22618
    at Set.forEach (<anonymous>)
    at vscode-file://vscode-app/snap/code/124/usr/share/code/resources/app/out/vs/workbench/workbench.desktop.main.js:1896:22536
    at g.invoke (vscode-file://vscode-app/snap/code/124/usr/share/code/resources/app/out/vs/workbench/workbench.desktop.main.js:86:145)
    at o.deliver (vscode-file://vscode-app/snap/code/124/usr/share/code/resources/app/out/vs/workbench/workbench.desktop.main.js:86:2121)
    at u.fire (vscode-file://vscode-app/snap/code/124/usr/share/code/resources/app/out/vs/workbench/workbench.desktop.main.js:86:1729)
    at u.fire (vscode-file://vscode-app/snap/code/124/usr/share/code/resources/app/out/vs/workbench/workbench.desktop.main.js:86:3215)
    at n.setContext (vscode-file://vscode-app/snap/code/124/usr/share/code/resources/app/out/vs/workbench/workbench.desktop.main.js:613:48543)
    at l.reset (vscode-file://vscode-app/snap/code/124/usr/share/code/resources/app/out/vs/workbench/workbench.desktop.main.js:613:46972)
    at new l (vscode-file://vscode-app/snap/code/124/usr/share/code/resources/app/out/vs/workbench/workbench.desktop.main.js:613:46867)
    at n.createKey (vscode-file://vscode-app/snap/code/124/usr/share/code/resources/app/out/vs/workbench/workbench.desktop.main.js:613:47849)
    at E (vscode-file://vscode-app/snap/code/124/usr/share/code/resources/app/out/vs/workbench/workbench.desktop.main.js:613:51621)
    at h.invokeFunction (vscode-file://vscode-app/snap/code/124/usr/share/code/resources/app/out/vs/workbench/workbench.desktop.main.js:615:360)
    at w.k (vscode-file://vscode-app/snap/code/124/usr/share/code/resources/app/out/vs/workbench/workbench.desktop.main.js:1570:13475)
    at w.executeCommand (vscode-file://vscode-app/snap/code/124/usr/share/code/resources/app/out/vs/workbench/workbench.desktop.main.js:1570:13037)
    at w.$executeCommand (vscode-file://vscode-app/snap/code/124/usr/share/code/resources/app/out/vs/workbench/workbench.desktop.main.js:1579:638)
    at b.N (vscode-file://vscode-app/snap/code/124/usr/share/code/resources/app/out/vs/workbench/workbench.desktop.main.js:1593:15228)
    at b.M (vscode-file://vscode-app/snap/code/124/usr/share/code/resources/app/out/vs/workbench/workbench.desktop.main.js:1593:14946)
    at b.H (vscode-file://vscode-app/snap/code/124/usr/share/code/resources/app/out/vs/workbench/workbench.desktop.main.js:1593:14039)
    at b.G (vscode-file://vscode-app/snap/code/124/usr/share/code/resources/app/out/vs/workbench/workbench.desktop.main.js:1593:13020)
    at vscode-file://vscode-app/snap/code/124/usr/share/code/resources/app/out/vs/workbench/workbench.desktop.main.js:1593:11808
    at g.invoke (vscode-file://vscode-app/snap/code/124/usr/share/code/resources/app/out/vs/workbench/workbench.desktop.main.js:86:145)
    at o.deliver (vscode-file://vscode-app/snap/code/124/usr/share/code/resources/app/out/vs/workbench/workbench.desktop.main.js:86:2121)
    at l.fire (vscode-file://vscode-app/snap/code/124/usr/share/code/resources/app/out/vs/workbench/workbench.desktop.main.js:86:1729)
    at u.fire (vscode-file://vscode-app/snap/code/124/usr/share/code/resources/app/out/vs/workbench/workbench.desktop.main.js:556:15210)
    at G.onmessage (vscode-file://vscode-app/snap/code/124/usr/share/code/resources/app/out/vs/workbench/workbench.desktop.main.js:1691:1489)
2023-04-12 22:19:42.295 [info] [perf] Render performance baseline is 43ms
