
PHP Tools server started.
    PID: 119646
    Processing files: *.php; *.phtml

> Parsing Phar file '/var/www/html/payment/mercadopago/vendor/mercadopago/dx-php/phpunit.phar' ...
> 11 file system change(s) ...
> Indexing directory 'file:///var/www/html/User/globalStorage/ms-vscode-remote.remote-containers/cli-bin/remote-containers-path' ...
> Indexing directory 'file:///var/www/html/User/globalStorage/ms-vscode-remote.remote-containers/cli-bin/vscode-machine-id' ...
> Indexing directory 'file:///var/www/html/User/globalStorage/ms-vscode-remote.remote-containers/cli-bin/vscode-quality' ...
> Indexing directory 'file:///var/www/html/Cache/Cache_Data/0e3bd62f6fc3f4ca_0' ...
> Indexing directory 'file:///var/www/html/Cache/Cache_Data/6a610c8a48d63595_0' ...
> Indexing directory 'file:///var/www/html/Cache/Cache_Data/960b92101fb18a20_0' ...
> Indexing directory 'file:///var/www/html/Service Worker/CacheStorage/8d97e74817c7f68e4a619d7ef9929d337d48125e' ...
> Indexing directory 'file:///var/www/html/TransportSecurity' ...
> Indexing directory 'file:///var/www/html/Cache/Cache_Data/0e3bd62f6fc3f4ca_0' ...
> Indexing directory 'file:///var/www/html/Cache/Cache_Data/6a610c8a48d63595_0' ...
> Indexing directory 'file:///var/www/html/Cache/Cache_Data/960b92101fb18a20_0' ...
> 2 file system change(s) ...
> Indexing directory 'file:///var/www/html/CachedData/b7886d7461186a5eac768481578c1d7ca80e2d21/chrome/js/index-dir/the-real-index' ...
> Indexing directory 'file:///var/www/html/TransportSecurity' ...
> 1 file system change(s) ...
> Indexing directory 'file:///var/www/html/Service Worker/ScriptCache/index-dir/the-real-index' ...
> 1 file system change(s) ...
> Indexing directory 'file:///var/www/html/Cache/Cache_Data/index-dir/the-real-index' ...
> 2 file system change(s) ...
> Indexing directory 'file:///var/www/html/WebStorage/QuotaManager' ...
> Indexing directory 'file:///var/www/html/WebStorage/QuotaManager-journal' ...
> 2 file system change(s) ...
> Indexing directory 'file:///var/www/html/Cache/Cache_Data/eacd9fd50afc71fe_0' ...
> Indexing directory 'file:///var/www/html/Cache/Cache_Data/eacd9fd50afc71fe_0' ...
