2023-04-12 22:16:21.466 [warning] Via 'product.json#extensionEnabledApiProposals' extension 'ms-vscode.vscode-selfhost-test-provider' wants API proposal 'testContinuousRun' but that proposal DOES NOT EXIST. Likely, the proposal has been finalized (check 'vscode.d.ts') or was abandoned.
2023-04-12 22:16:21.477 [warning] Via 'product.json#extensionEnabledApiProposals' extension 'ms-vscode.remote-repositories' wants API proposal 'contribEditorGutterMenu' but that proposal DOES NOT EXIST. Likely, the proposal has been finalized (check 'vscode.d.ts') or was abandoned.
2023-04-12 22:16:21.478 [warning] Via 'product.json#extensionEnabledApiProposals' extension 'github.vscode-pull-request-github' wants API proposal 'contribEditorGutterMenu' but that proposal DOES NOT EXIST. Likely, the proposal has been finalized (check 'vscode.d.ts') or was abandoned.
2023-04-12 22:16:21.478 [warning] Via 'product.json#extensionEnabledApiProposals' extension 'ms-toolsai.jupyter' wants API proposal 'notebookControllerKind' but that proposal DOES NOT EXIST. Likely, the proposal has been finalized (check 'vscode.d.ts') or was abandoned.
2023-04-12 22:16:21.510 [error] Unable to figure out browser width and height: Error: Unable to figure out browser width and height
    at P (vscode-file://vscode-app/snap/code/124/usr/share/code/resources/app/out/vs/workbench/workbench.desktop.main.js:90:28909)
    at G.load (vscode-file://vscode-app/snap/code/124/usr/share/code/resources/app/out/vs/workbench/workbench.desktop.main.js:2533:56910)
    at O.nb (vscode-file://vscode-app/snap/code/124/usr/share/code/resources/app/out/vs/workbench/workbench.desktop.main.js:2533:23683)
    at O.eb (vscode-file://vscode-app/snap/code/124/usr/share/code/resources/app/out/vs/workbench/workbench.desktop.main.js:2533:19964)
    at vscode-file://vscode-app/snap/code/124/usr/share/code/resources/app/out/vs/workbench/workbench.desktop.main.js:2533:74852
    at h.invokeFunction (vscode-file://vscode-app/snap/code/124/usr/share/code/resources/app/out/vs/workbench/workbench.desktop.main.js:615:360)
    at O.startup (vscode-file://vscode-app/snap/code/124/usr/share/code/resources/app/out/vs/workbench/workbench.desktop.main.js:2533:74683)
    at ee.open (vscode-file://vscode-app/snap/code/124/usr/share/code/resources/app/out/vs/workbench/workbench.desktop.main.js:2549:66291)
    at async vscode-file://vscode-app/snap/code/124/usr/share/code/resources/app/out/vs/code/electron-sandbox/workbench/workbench.js:4:10217
2023-04-12 22:16:21.941 [error] Cannot instantiate named customer: 'MainThreadUrls'
2023-04-12 22:16:21.941 [error] TypeError: Cannot read properties of undefined (reading 'dispose')
    at get cache [as cache] (vscode-file://vscode-app/snap/code/124/usr/share/code/resources/app/out/vs/workbench/workbench.desktop.main.js:1690:1262)
    at new O (vscode-file://vscode-app/snap/code/124/usr/share/code/resources/app/out/vs/workbench/workbench.desktop.main.js:1682:15463)
    at h.j (vscode-file://vscode-app/snap/code/124/usr/share/code/resources/app/out/vs/workbench/workbench.desktop.main.js:615:1296)
    at h.t (vscode-file://vscode-app/snap/code/124/usr/share/code/resources/app/out/vs/workbench/workbench.desktop.main.js:615:3600)
    at h.s (vscode-file://vscode-app/snap/code/124/usr/share/code/resources/app/out/vs/workbench/workbench.desktop.main.js:615:2778)
    at h.r (vscode-file://vscode-app/snap/code/124/usr/share/code/resources/app/out/vs/workbench/workbench.desktop.main.js:615:2569)
    at h.q (vscode-file://vscode-app/snap/code/124/usr/share/code/resources/app/out/vs/workbench/workbench.desktop.main.js:615:1861)
    at h.m (vscode-file://vscode-app/snap/code/124/usr/share/code/resources/app/out/vs/workbench/workbench.desktop.main.js:615:1688)
    at h.j (vscode-file://vscode-app/snap/code/124/usr/share/code/resources/app/out/vs/workbench/workbench.desktop.main.js:615:928)
    at h.createInstance (vscode-file://vscode-app/snap/code/124/usr/share/code/resources/app/out/vs/workbench/workbench.desktop.main.js:615:788)
    at zr.C (vscode-file://vscode-app/snap/code/124/usr/share/code/resources/app/out/vs/workbench/workbench.desktop.main.js:1593:25757)
    at vscode-file://vscode-app/snap/code/124/usr/share/code/resources/app/out/vs/workbench/workbench.desktop.main.js:1593:23705
2023-04-12 22:16:21.941 [error] Cannot read properties of undefined (reading 'dispose'): TypeError: Cannot read properties of undefined (reading 'dispose')
    at get cache [as cache] (vscode-file://vscode-app/snap/code/124/usr/share/code/resources/app/out/vs/workbench/workbench.desktop.main.js:1690:1262)
    at new O (vscode-file://vscode-app/snap/code/124/usr/share/code/resources/app/out/vs/workbench/workbench.desktop.main.js:1682:15463)
    at h.j (vscode-file://vscode-app/snap/code/124/usr/share/code/resources/app/out/vs/workbench/workbench.desktop.main.js:615:1296)
    at h.t (vscode-file://vscode-app/snap/code/124/usr/share/code/resources/app/out/vs/workbench/workbench.desktop.main.js:615:3600)
    at h.s (vscode-file://vscode-app/snap/code/124/usr/share/code/resources/app/out/vs/workbench/workbench.desktop.main.js:615:2778)
    at h.r (vscode-file://vscode-app/snap/code/124/usr/share/code/resources/app/out/vs/workbench/workbench.desktop.main.js:615:2569)
    at h.q (vscode-file://vscode-app/snap/code/124/usr/share/code/resources/app/out/vs/workbench/workbench.desktop.main.js:615:1861)
    at h.m (vscode-file://vscode-app/snap/code/124/usr/share/code/resources/app/out/vs/workbench/workbench.desktop.main.js:615:1688)
    at h.j (vscode-file://vscode-app/snap/code/124/usr/share/code/resources/app/out/vs/workbench/workbench.desktop.main.js:615:928)
    at h.createInstance (vscode-file://vscode-app/snap/code/124/usr/share/code/resources/app/out/vs/workbench/workbench.desktop.main.js:615:788)
    at zr.C (vscode-file://vscode-app/snap/code/124/usr/share/code/resources/app/out/vs/workbench/workbench.desktop.main.js:1593:25757)
    at vscode-file://vscode-app/snap/code/124/usr/share/code/resources/app/out/vs/workbench/workbench.desktop.main.js:1593:23705
2023-04-12 22:16:21.963 [error] Missing proxy instance MainThreadUrls: Error: Missing proxy instance MainThreadUrls
    at b.assertRegistered (vscode-file://vscode-app/snap/code/124/usr/share/code/resources/app/out/vs/workbench/workbench.desktop.main.js:1593:12743)
    at zr.C (vscode-file://vscode-app/snap/code/124/usr/share/code/resources/app/out/vs/workbench/workbench.desktop.main.js:1593:26156)
    at vscode-file://vscode-app/snap/code/124/usr/share/code/resources/app/out/vs/workbench/workbench.desktop.main.js:1593:23705
2023-04-12 22:16:21.967 [error] Cannot read properties of undefined (reading 'runtime'): TypeError: Cannot read properties of undefined (reading 'runtime')
    at O.ib (vscode-file://vscode-app/snap/code/124/usr/share/code/resources/app/out/vs/workbench/workbench.desktop.main.js:2533:22213)
    at vscode-file://vscode-app/snap/code/124/usr/share/code/resources/app/out/vs/workbench/workbench.desktop.main.js:2533:21202
    at g.invoke (vscode-file://vscode-app/snap/code/124/usr/share/code/resources/app/out/vs/workbench/workbench.desktop.main.js:86:145)
    at o.deliver (vscode-file://vscode-app/snap/code/124/usr/share/code/resources/app/out/vs/workbench/workbench.desktop.main.js:86:2121)
    at l.fire (vscode-file://vscode-app/snap/code/124/usr/share/code/resources/app/out/vs/workbench/workbench.desktop.main.js:86:1729)
    at vscode-file://vscode-app/snap/code/124/usr/share/code/resources/app/out/vs/workbench/workbench.desktop.main.js:84:27386
    at vscode-file://vscode-app/snap/code/124/usr/share/code/resources/app/out/vs/workbench/workbench.desktop.main.js:84:27544
    at g.invoke (vscode-file://vscode-app/snap/code/124/usr/share/code/resources/app/out/vs/workbench/workbench.desktop.main.js:86:145)
    at o.deliver (vscode-file://vscode-app/snap/code/124/usr/share/code/resources/app/out/vs/workbench/workbench.desktop.main.js:86:2121)
    at l.fire (vscode-file://vscode-app/snap/code/124/usr/share/code/resources/app/out/vs/workbench/workbench.desktop.main.js:86:1729)
    at vscode-file://vscode-app/snap/code/124/usr/share/code/resources/app/out/vs/workbench/workbench.desktop.main.js:84:27185
    at g.invoke (vscode-file://vscode-app/snap/code/124/usr/share/code/resources/app/out/vs/workbench/workbench.desktop.main.js:86:145)
    at o.deliver (vscode-file://vscode-app/snap/code/124/usr/share/code/resources/app/out/vs/workbench/workbench.desktop.main.js:86:2121)
    at l.fire (vscode-file://vscode-app/snap/code/124/usr/share/code/resources/app/out/vs/workbench/workbench.desktop.main.js:86:1729)
    at vscode-file://vscode-app/snap/code/124/usr/share/code/resources/app/out/vs/workbench/workbench.desktop.main.js:84:27386
    at g.invoke (vscode-file://vscode-app/snap/code/124/usr/share/code/resources/app/out/vs/workbench/workbench.desktop.main.js:86:145)
    at o.deliver (vscode-file://vscode-app/snap/code/124/usr/share/code/resources/app/out/vs/workbench/workbench.desktop.main.js:86:2121)
    at l.fire (vscode-file://vscode-app/snap/code/124/usr/share/code/resources/app/out/vs/workbench/workbench.desktop.main.js:86:1729)
    at _ (vscode-file://vscode-app/snap/code/124/usr/share/code/resources/app/out/vs/workbench/workbench.desktop.main.js:556:793)
    at A.t (vscode-file://vscode-app/snap/code/124/usr/share/code/resources/app/out/vs/workbench/workbench.desktop.main.js:556:1578)
    at A.s (vscode-file://vscode-app/snap/code/124/usr/share/code/resources/app/out/vs/workbench/workbench.desktop.main.js:556:1472)
    at vscode-file://vscode-app/snap/code/124/usr/share/code/resources/app/out/vs/workbench/workbench.desktop.main.js:555:1347
    at g.invoke (vscode-file://vscode-app/snap/code/124/usr/share/code/resources/app/out/vs/workbench/workbench.desktop.main.js:86:145)
    at o.deliver (vscode-file://vscode-app/snap/code/124/usr/share/code/resources/app/out/vs/workbench/workbench.desktop.main.js:86:2121)
    at l.fire (vscode-file://vscode-app/snap/code/124/usr/share/code/resources/app/out/vs/workbench/workbench.desktop.main.js:86:1729)
    at EventEmitter.ee (vscode-file://vscode-app/snap/code/124/usr/share/code/resources/app/out/vs/workbench/workbench.desktop.main.js:84:29614)
    at EventEmitter.emit (node:events:526:28)
    at Object.onMessage (node:electron/js2c/renderer_init:81:803)
2023-04-12 22:16:46.592 [error] Cannot read properties of undefined (reading 'runtime'): TypeError: Cannot read properties of undefined (reading 'runtime')
    at O.ib (vscode-file://vscode-app/snap/code/124/usr/share/code/resources/app/out/vs/workbench/workbench.desktop.main.js:2533:22213)
    at vscode-file://vscode-app/snap/code/124/usr/share/code/resources/app/out/vs/workbench/workbench.desktop.main.js:2533:21202
    at g.invoke (vscode-file://vscode-app/snap/code/124/usr/share/code/resources/app/out/vs/workbench/workbench.desktop.main.js:86:145)
    at o.deliver (vscode-file://vscode-app/snap/code/124/usr/share/code/resources/app/out/vs/workbench/workbench.desktop.main.js:86:2121)
    at l.fire (vscode-file://vscode-app/snap/code/124/usr/share/code/resources/app/out/vs/workbench/workbench.desktop.main.js:86:1729)
    at vscode-file://vscode-app/snap/code/124/usr/share/code/resources/app/out/vs/workbench/workbench.desktop.main.js:84:27386
    at vscode-file://vscode-app/snap/code/124/usr/share/code/resources/app/out/vs/workbench/workbench.desktop.main.js:84:27544
    at g.invoke (vscode-file://vscode-app/snap/code/124/usr/share/code/resources/app/out/vs/workbench/workbench.desktop.main.js:86:145)
    at o.deliver (vscode-file://vscode-app/snap/code/124/usr/share/code/resources/app/out/vs/workbench/workbench.desktop.main.js:86:2121)
    at l.fire (vscode-file://vscode-app/snap/code/124/usr/share/code/resources/app/out/vs/workbench/workbench.desktop.main.js:86:1729)
    at vscode-file://vscode-app/snap/code/124/usr/share/code/resources/app/out/vs/workbench/workbench.desktop.main.js:84:27185
    at g.invoke (vscode-file://vscode-app/snap/code/124/usr/share/code/resources/app/out/vs/workbench/workbench.desktop.main.js:86:145)
    at o.deliver (vscode-file://vscode-app/snap/code/124/usr/share/code/resources/app/out/vs/workbench/workbench.desktop.main.js:86:2121)
    at l.fire (vscode-file://vscode-app/snap/code/124/usr/share/code/resources/app/out/vs/workbench/workbench.desktop.main.js:86:1729)
    at vscode-file://vscode-app/snap/code/124/usr/share/code/resources/app/out/vs/workbench/workbench.desktop.main.js:84:27386
    at g.invoke (vscode-file://vscode-app/snap/code/124/usr/share/code/resources/app/out/vs/workbench/workbench.desktop.main.js:86:145)
    at o.deliver (vscode-file://vscode-app/snap/code/124/usr/share/code/resources/app/out/vs/workbench/workbench.desktop.main.js:86:2121)
    at l.fire (vscode-file://vscode-app/snap/code/124/usr/share/code/resources/app/out/vs/workbench/workbench.desktop.main.js:86:1729)
    at _ (vscode-file://vscode-app/snap/code/124/usr/share/code/resources/app/out/vs/workbench/workbench.desktop.main.js:556:793)
    at A.t (vscode-file://vscode-app/snap/code/124/usr/share/code/resources/app/out/vs/workbench/workbench.desktop.main.js:556:1578)
    at A.s (vscode-file://vscode-app/snap/code/124/usr/share/code/resources/app/out/vs/workbench/workbench.desktop.main.js:556:1472)
    at vscode-file://vscode-app/snap/code/124/usr/share/code/resources/app/out/vs/workbench/workbench.desktop.main.js:555:1347
    at g.invoke (vscode-file://vscode-app/snap/code/124/usr/share/code/resources/app/out/vs/workbench/workbench.desktop.main.js:86:145)
    at o.deliver (vscode-file://vscode-app/snap/code/124/usr/share/code/resources/app/out/vs/workbench/workbench.desktop.main.js:86:2121)
    at l.fire (vscode-file://vscode-app/snap/code/124/usr/share/code/resources/app/out/vs/workbench/workbench.desktop.main.js:86:1729)
    at EventEmitter.ee (vscode-file://vscode-app/snap/code/124/usr/share/code/resources/app/out/vs/workbench/workbench.desktop.main.js:84:29614)
    at EventEmitter.emit (node:events:526:28)
    at Object.onMessage (node:electron/js2c/renderer_init:81:803)
2023-04-12 22:18:24.394 [error] Cannot read properties of undefined (reading 'runtime'): TypeError: Cannot read properties of undefined (reading 'runtime')
    at O.ib (vscode-file://vscode-app/snap/code/124/usr/share/code/resources/app/out/vs/workbench/workbench.desktop.main.js:2533:22213)
    at vscode-file://vscode-app/snap/code/124/usr/share/code/resources/app/out/vs/workbench/workbench.desktop.main.js:2533:21202
    at g.invoke (vscode-file://vscode-app/snap/code/124/usr/share/code/resources/app/out/vs/workbench/workbench.desktop.main.js:86:145)
    at o.deliver (vscode-file://vscode-app/snap/code/124/usr/share/code/resources/app/out/vs/workbench/workbench.desktop.main.js:86:2121)
    at l.fire (vscode-file://vscode-app/snap/code/124/usr/share/code/resources/app/out/vs/workbench/workbench.desktop.main.js:86:1729)
    at vscode-file://vscode-app/snap/code/124/usr/share/code/resources/app/out/vs/workbench/workbench.desktop.main.js:84:27386
    at vscode-file://vscode-app/snap/code/124/usr/share/code/resources/app/out/vs/workbench/workbench.desktop.main.js:84:27544
    at g.invoke (vscode-file://vscode-app/snap/code/124/usr/share/code/resources/app/out/vs/workbench/workbench.desktop.main.js:86:145)
    at o.deliver (vscode-file://vscode-app/snap/code/124/usr/share/code/resources/app/out/vs/workbench/workbench.desktop.main.js:86:2121)
    at l.fire (vscode-file://vscode-app/snap/code/124/usr/share/code/resources/app/out/vs/workbench/workbench.desktop.main.js:86:1729)
    at vscode-file://vscode-app/snap/code/124/usr/share/code/resources/app/out/vs/workbench/workbench.desktop.main.js:84:27185
    at g.invoke (vscode-file://vscode-app/snap/code/124/usr/share/code/resources/app/out/vs/workbench/workbench.desktop.main.js:86:145)
    at o.deliver (vscode-file://vscode-app/snap/code/124/usr/share/code/resources/app/out/vs/workbench/workbench.desktop.main.js:86:2121)
    at l.fire (vscode-file://vscode-app/snap/code/124/usr/share/code/resources/app/out/vs/workbench/workbench.desktop.main.js:86:1729)
    at vscode-file://vscode-app/snap/code/124/usr/share/code/resources/app/out/vs/workbench/workbench.desktop.main.js:84:27386
    at g.invoke (vscode-file://vscode-app/snap/code/124/usr/share/code/resources/app/out/vs/workbench/workbench.desktop.main.js:86:145)
    at o.deliver (vscode-file://vscode-app/snap/code/124/usr/share/code/resources/app/out/vs/workbench/workbench.desktop.main.js:86:2121)
    at l.fire (vscode-file://vscode-app/snap/code/124/usr/share/code/resources/app/out/vs/workbench/workbench.desktop.main.js:86:1729)
    at _ (vscode-file://vscode-app/snap/code/124/usr/share/code/resources/app/out/vs/workbench/workbench.desktop.main.js:556:793)
    at A.t (vscode-file://vscode-app/snap/code/124/usr/share/code/resources/app/out/vs/workbench/workbench.desktop.main.js:556:1578)
    at A.s (vscode-file://vscode-app/snap/code/124/usr/share/code/resources/app/out/vs/workbench/workbench.desktop.main.js:556:1472)
    at vscode-file://vscode-app/snap/code/124/usr/share/code/resources/app/out/vs/workbench/workbench.desktop.main.js:555:1347
    at g.invoke (vscode-file://vscode-app/snap/code/124/usr/share/code/resources/app/out/vs/workbench/workbench.desktop.main.js:86:145)
    at o.deliver (vscode-file://vscode-app/snap/code/124/usr/share/code/resources/app/out/vs/workbench/workbench.desktop.main.js:86:2121)
    at l.fire (vscode-file://vscode-app/snap/code/124/usr/share/code/resources/app/out/vs/workbench/workbench.desktop.main.js:86:1729)
    at EventEmitter.ee (vscode-file://vscode-app/snap/code/124/usr/share/code/resources/app/out/vs/workbench/workbench.desktop.main.js:84:29614)
    at EventEmitter.emit (node:events:526:28)
    at Object.onMessage (node:electron/js2c/renderer_init:81:803)
