2023-04-08 15:15:46.207 [info] Added views:workbench.panel.markers.view in workbench.panel.markers
2023-04-08 15:15:46.208 [info] Added views:workbench.panel.output in workbench.panel.output
2023-04-08 15:15:46.208 [info] Added views:terminal in terminal
2023-04-08 15:15:46.208 [info] Added views:outline in workbench.view.explorer
2023-04-08 15:15:46.208 [info] Added views:workbench.scm in workbench.view.scm
2023-04-08 15:15:46.208 [info] Added views:workbench.view.search in workbench.view.search
2023-04-08 15:15:46.208 [info] Added views:timeline in workbench.view.explorer
2023-04-08 15:15:46.208 [info] Added views:workbench.explorer.fileView in workbench.view.explorer
2023-04-08 15:15:46.419 [info] Added views:workbench.debug.variablesView,workbench.debug.watchExpressionsView,workbench.debug.callStackView,workbench.debug.breakPointsView in workbench.view.debug
2023-04-08 15:15:47.751 [info] Added views:projectsExplorerFavorites,projectManagerHelpAndFeedback in workbench.view.extension.project-manager
2023-04-08 15:15:47.752 [info] Added views:gitlens.views.home,gitlens.views.contributors in workbench.view.extension.gitlens
2023-04-08 15:15:47.753 [info] Added views:gitlens.views.commits,gitlens.views.commitDetails,gitlens.views.fileHistory,gitlens.views.branches,gitlens.views.remotes,gitlens.views.stashes,gitlens.views.tags,gitlens.views.searchAndCompare in workbench.view.scm
2023-04-08 15:15:47.755 [info] Added views:dockerContainers,dockerImages,dockerRegistries,dockerNetworks,dockerVolumes,vscode-docker.views.dockerContexts,vscode-docker.views.help in workbench.view.extension.dockerView
2023-04-08 15:15:47.756 [info] Added views:targetsContainers,devVolumes in workbench.view.remote
2023-04-08 15:15:47.990 [info] Added views:workbench.panel.repl.view in workbench.panel.repl
2023-04-08 15:15:47.990 [info] Removed views:workbench.debug.breakPointsView,workbench.debug.callStackView,workbench.debug.watchExpressionsView,workbench.debug.variablesView from workbench.view.debug
2023-04-08 15:15:47.990 [info] Added views:workbench.debug.welcome in workbench.view.debug
2023-04-08 15:15:49.639 [info] Added views:test-explorer in workbench.view.extension.test
2023-04-08 15:15:52.230 [info] Added views:workbench.view.testing in workbench.view.extension.test
2023-04-08 15:15:52.788 [info] Added views:projectsExplorerGit in workbench.view.extension.project-manager
2023-04-08 15:15:54.563 [info] Added views:gitlens.views.timeline in workbench.view.extension.gitlensPanel
2023-04-08 15:15:54.568 [info] Added views:gitlens.views.worktrees in workbench.view.scm
2023-04-08 15:16:46.420 [info] Removed views:workbench.view.testing from workbench.view.extension.test
